[2024-01-18T12:22:52.310+0000] {taskinstance.py:1957} INFO - Dependencies all met for dep_context=non-requeueable deps ti=<TaskInstance: my_bipo_dag.transform_response manual__2024-01-18T12:15:14.008413+00:00 [queued]>
[2024-01-18T12:22:52.321+0000] {taskinstance.py:1957} INFO - Dependencies all met for dep_context=requeueable deps ti=<TaskInstance: my_bipo_dag.transform_response manual__2024-01-18T12:15:14.008413+00:00 [queued]>
[2024-01-18T12:22:52.321+0000] {taskinstance.py:2171} INFO - Starting attempt 1 of 2
[2024-01-18T12:22:52.348+0000] {taskinstance.py:2192} INFO - Executing <Task(PythonOperator): transform_response> on 2024-01-18 12:15:14.008413+00:00
[2024-01-18T12:22:52.354+0000] {standard_task_runner.py:60} INFO - Started process 5513 to run task
[2024-01-18T12:22:52.357+0000] {standard_task_runner.py:87} INFO - Running: ['***', 'tasks', 'run', 'my_bipo_dag', 'transform_response', 'manual__2024-01-18T12:15:14.008413+00:00', '--job-id', '170', '--raw', '--subdir', 'DAGS_FOLDER/bipo_employee_info.py', '--cfg-path', '/tmp/tmp3dscnbf4']
[2024-01-18T12:22:52.359+0000] {standard_task_runner.py:88} INFO - Job 170: Subtask transform_response
[2024-01-18T12:22:52.375+0000] {logging_mixin.py:188} WARNING - /home/***/.local/lib/python3.8/site-packages/***/settings.py:195 DeprecationWarning: The sql_alchemy_conn option in [core] has been moved to the sql_alchemy_conn option in [database] - the old setting has been used, but please update your config.
[2024-01-18T12:22:52.412+0000] {task_command.py:423} INFO - Running <TaskInstance: my_bipo_dag.transform_response manual__2024-01-18T12:15:14.008413+00:00 [running]> on host 602769a70f45
[2024-01-18T12:22:52.655+0000] {taskinstance.py:2481} INFO - Exporting env vars: AIRFLOW_CTX_DAG_OWNER='***' AIRFLOW_CTX_DAG_ID='my_bipo_dag' AIRFLOW_CTX_TASK_ID='transform_response' AIRFLOW_CTX_EXECUTION_DATE='2024-01-18T12:15:14.008413+00:00' AIRFLOW_CTX_TRY_NUMBER='1' AIRFLOW_CTX_DAG_RUN_ID='manual__2024-01-18T12:15:14.008413+00:00'
[2024-01-18T12:22:57.903+0000] {logging_mixin.py:188} INFO -       EmployeeCode          AltLangName FirstName  ... Gender OFR10 Active
0          1044349        KUBOTA KAZUYA    KAZUYA  ...      M  None     No
1         PZ000004     NGUYEN THI TRANG     TRANG  ...      F   ST4    Yes
2         PZ000005  NGUYEN THUY YEN NHI       NHI  ...      F   JM2    Yes
3         PZ000007       MAI HONG THANH     THANH  ...      F   SS2     No
4         PZ000010      LE THI THANH VY        VY  ...      F  None     No
...            ...                  ...       ...  ...    ...   ...    ...
10992     PZTEST06                 None            ...      M  None     No
10993     PZTEST07                 None            ...   None  None     No
10994     PZTEST08                 None            ...   None  None     No
10995     PZTEST09                 None            ...   None  None     No
10996      PZTEST1                 None            ...   None  None     No

[10997 rows x 20 columns]
[2024-01-18T12:22:58.025+0000] {python.py:201} INFO - Done. Returned value was: None
[2024-01-18T12:22:58.038+0000] {taskinstance.py:1138} INFO - Marking task as SUCCESS. dag_id=my_bipo_dag, task_id=transform_response, execution_date=20240118T121514, start_date=20240118T122252, end_date=20240118T122258
[2024-01-18T12:22:58.121+0000] {local_task_job_runner.py:234} INFO - Task exited with return code 0
[2024-01-18T12:22:58.140+0000] {taskinstance.py:3281} INFO - 0 downstream tasks scheduled from follow-on schedule check
