[2023-12-12T09:21:04.836+0000] {taskinstance.py:1159} INFO - Dependencies all met for dep_context=non-requeueable deps ti=<TaskInstance: my_bipo_dag.transform_response scheduled__2023-01-12T00:00:00+00:00 [queued]>
[2023-12-12T09:21:04.848+0000] {taskinstance.py:1159} INFO - Dependencies all met for dep_context=requeueable deps ti=<TaskInstance: my_bipo_dag.transform_response scheduled__2023-01-12T00:00:00+00:00 [queued]>
[2023-12-12T09:21:04.849+0000] {taskinstance.py:1361} INFO - Starting attempt 1 of 2
[2023-12-12T09:21:04.865+0000] {taskinstance.py:1382} INFO - Executing <Task(PythonOperator): transform_response> on 2023-01-12 00:00:00+00:00
[2023-12-12T09:21:04.872+0000] {standard_task_runner.py:57} INFO - Started process 3728 to run task
[2023-12-12T09:21:04.875+0000] {standard_task_runner.py:84} INFO - Running: ['***', 'tasks', 'run', 'my_bipo_dag', 'transform_response', 'scheduled__2023-01-12T00:00:00+00:00', '--job-id', '218', '--raw', '--subdir', 'DAGS_FOLDER/bipo_employee_info.py', '--cfg-path', '/tmp/tmpus_vjfjn']
[2023-12-12T09:21:04.877+0000] {standard_task_runner.py:85} INFO - Job 218: Subtask transform_response
[2023-12-12T09:21:04.893+0000] {logging_mixin.py:154} WARNING - /home/***/.local/lib/python3.8/site-packages/***/settings.py:195 DeprecationWarning: The sql_alchemy_conn option in [core] has been moved to the sql_alchemy_conn option in [database] - the old setting has been used, but please update your config.
[2023-12-12T09:21:04.936+0000] {task_command.py:416} INFO - Running <TaskInstance: my_bipo_dag.transform_response scheduled__2023-01-12T00:00:00+00:00 [running]> on host e1a26a98da8f
[2023-12-12T09:21:05.078+0000] {taskinstance.py:1662} INFO - Exporting env vars: AIRFLOW_CTX_DAG_OWNER='***' AIRFLOW_CTX_DAG_ID='my_bipo_dag' AIRFLOW_CTX_TASK_ID='transform_response' AIRFLOW_CTX_EXECUTION_DATE='2023-01-12T00:00:00+00:00' AIRFLOW_CTX_TRY_NUMBER='1' AIRFLOW_CTX_DAG_RUN_ID='scheduled__2023-01-12T00:00:00+00:00'
[2023-12-12T09:21:10.952+0000] {logging_mixin.py:154} INFO -       EmployeeCode          AltLangName FirstName  ... Gender OFR10 Active
0          1044349        KUBOTA KAZUYA    KAZUYA  ...      M  None     No
1         PZ000004     NGUYEN THI TRANG     TRANG  ...      F   ST4    Yes
2         PZ000005  NGUYEN THUY YEN NHI       NHI  ...      F   JM2    Yes
3         PZ000007       MAI HONG THANH     THANH  ...      F   SS2     No
4         PZ000010      LE THI THANH VY        VY  ...      F  None     No
...            ...                  ...       ...  ...    ...   ...    ...
10529     PZTEST06                 None            ...      M  None     No
10530     PZTEST07                 None            ...   None  None     No
10531     PZTEST08                 None            ...   None  None     No
10532     PZTEST09                 None            ...   None  None     No
10533      PZTEST1                 None            ...   None  None     No

[10534 rows x 20 columns]
[2023-12-12T09:21:11.061+0000] {python.py:194} INFO - Done. Returned value was: None
[2023-12-12T09:21:11.074+0000] {taskinstance.py:1400} INFO - Marking task as SUCCESS. dag_id=my_bipo_dag, task_id=transform_response, execution_date=20230112T000000, start_date=20231212T092104, end_date=20231212T092111
[2023-12-12T09:21:11.117+0000] {local_task_job_runner.py:228} INFO - Task exited with return code 0
[2023-12-12T09:21:11.140+0000] {taskinstance.py:2778} INFO - 0 downstream tasks scheduled from follow-on schedule check
