[2023-12-19T11:40:31.401+0000] {taskinstance.py:1159} INFO - Dependencies all met for dep_context=non-requeueable deps ti=<TaskInstance: my_bipo_dag.transform_response manual__2023-12-19T11:39:25.520843+00:00 [queued]>
[2023-12-19T11:40:31.411+0000] {taskinstance.py:1159} INFO - Dependencies all met for dep_context=requeueable deps ti=<TaskInstance: my_bipo_dag.transform_response manual__2023-12-19T11:39:25.520843+00:00 [queued]>
[2023-12-19T11:40:31.412+0000] {taskinstance.py:1361} INFO - Starting attempt 1 of 2
[2023-12-19T11:40:31.426+0000] {taskinstance.py:1382} INFO - Executing <Task(PythonOperator): transform_response> on 2023-12-19 11:39:25.520843+00:00
[2023-12-19T11:40:31.431+0000] {standard_task_runner.py:57} INFO - Started process 2603 to run task
[2023-12-19T11:40:31.434+0000] {standard_task_runner.py:84} INFO - Running: ['***', 'tasks', 'run', 'my_bipo_dag', 'transform_response', 'manual__2023-12-19T11:39:25.520843+00:00', '--job-id', '270', '--raw', '--subdir', 'DAGS_FOLDER/bipo_employee_info.py', '--cfg-path', '/tmp/tmpdu97o10d']
[2023-12-19T11:40:31.437+0000] {standard_task_runner.py:85} INFO - Job 270: Subtask transform_response
[2023-12-19T11:40:31.453+0000] {logging_mixin.py:154} WARNING - /home/***/.local/lib/python3.8/site-packages/***/settings.py:195 DeprecationWarning: The sql_alchemy_conn option in [core] has been moved to the sql_alchemy_conn option in [database] - the old setting has been used, but please update your config.
[2023-12-19T11:40:31.494+0000] {task_command.py:416} INFO - Running <TaskInstance: my_bipo_dag.transform_response manual__2023-12-19T11:39:25.520843+00:00 [running]> on host e1a26a98da8f
[2023-12-19T11:40:31.591+0000] {taskinstance.py:1662} INFO - Exporting env vars: AIRFLOW_CTX_DAG_OWNER='***' AIRFLOW_CTX_DAG_ID='my_bipo_dag' AIRFLOW_CTX_TASK_ID='transform_response' AIRFLOW_CTX_EXECUTION_DATE='2023-12-19T11:39:25.520843+00:00' AIRFLOW_CTX_TRY_NUMBER='1' AIRFLOW_CTX_DAG_RUN_ID='manual__2023-12-19T11:39:25.520843+00:00'
[2023-12-19T11:40:36.075+0000] {logging_mixin.py:154} INFO -       EmployeeCode          AltLangName FirstName  ... Gender OFR10 Active
0          1044349        KUBOTA KAZUYA    KAZUYA  ...      M  None     No
1         PZ000004     NGUYEN THI TRANG     TRANG  ...      F   ST4    Yes
2         PZ000005  NGUYEN THUY YEN NHI       NHI  ...      F   JM2    Yes
3         PZ000007       MAI HONG THANH     THANH  ...      F   SS2     No
4         PZ000010      LE THI THANH VY        VY  ...      F  None     No
...            ...                  ...       ...  ...    ...   ...    ...
10613     PZTEST06                 None            ...      M  None     No
10614     PZTEST07                 None            ...   None  None     No
10615     PZTEST08                 None            ...   None  None     No
10616     PZTEST09                 None            ...   None  None     No
10617      PZTEST1                 None            ...   None  None     No

[10618 rows x 20 columns]
[2023-12-19T11:40:36.148+0000] {python.py:194} INFO - Done. Returned value was: None
[2023-12-19T11:40:36.160+0000] {taskinstance.py:1400} INFO - Marking task as SUCCESS. dag_id=my_bipo_dag, task_id=transform_response, execution_date=20231219T113925, start_date=20231219T114031, end_date=20231219T114036
[2023-12-19T11:40:36.188+0000] {local_task_job_runner.py:228} INFO - Task exited with return code 0
[2023-12-19T11:40:36.207+0000] {taskinstance.py:2778} INFO - 0 downstream tasks scheduled from follow-on schedule check
